[35m[Appium][39m Welcome to Appium v1.22.0
[35m[Appium][39m Non-default server args:
[35m[Appium][39m   port: 54307
[35m[Appium][39m   tmpDir: C:\Users\LENOVO\AppData\Local\Temp\\Katalon\Appium\Temp1694417629673
[35m[Appium][39m   chromedriverPort: 54308
[35m[Appium][39m Deprecated server args:
[35m[Appium][39m   [31m--chromedriver-port[39m => --default-capabilities
[35m[Appium][39m Default capabilities, which will be added to each request unless overridden by desired capabilities:
[35m[Appium][39m   chromedriverPort: 54308
[35m[Appium][39m Appium REST http interface listener started on 0.0.0.0:54307
[35m[HTTP][39m [37m-->[39m [37mGET[39m [37m/wd/hub/status[39m
[35m[HTTP][39m [90m{}[39m
[debug] [35m[GENERIC][39m Calling AppiumDriver.getStatus() with args: []
[debug] [35m[GENERIC][39m Responding to client with driver.getStatus() result: {"build":{"version":"1.22.0"}}
[35m[HTTP][39m [37m<-- GET /wd/hub/status [39m[32m200[39m [90m15 ms - 68[39m
[35m[HTTP][39m [90m[39m
[35m[HTTP][39m [37m-->[39m [37mGET[39m [37m/wd/hub/status[39m
[35m[HTTP][39m [90m{}[39m
[debug] [35m[GENERIC][39m Calling AppiumDriver.getStatus() with args: []
[debug] [35m[GENERIC][39m Responding to client with driver.getStatus() result: {"build":{"version":"1.22.0"}}
[35m[HTTP][39m [37m<-- GET /wd/hub/status [39m[32m200[39m [90m2 ms - 68[39m
[35m[HTTP][39m [90m[39m
[35m[HTTP][39m [37m-->[39m [37mPOST[39m [37m/wd/hub/session[39m
[35m[HTTP][39m [90m{"desiredCapabilities":{"app":"C:\\Users\\LENOVO\\Downloads\\APIDemos (1).apk","noReset":true,"deviceName":"Xiaomi 2201117TY (Android 13)","fullReset":false,"platform":"ANDROID","newCommandTimeout":1800,"platformVersion":"13","automationName":"uiautomator2","autoGrantPermissions":true,"platformName":"Android","udid":"9d8668d4","systemPort":54313},"capabilities":{"firstMatch":[{"appium:app":"C:\\Users\\LENOVO\\Downloads\\APIDemos (1).apk","appium:autoGrantPermissions":true,"appium:automationName":"uiautomator2","appium:deviceName":"Xiaomi 2201117TY (Android 13)","appium:fullReset":false,"appium:newCommandTimeout":1800,"appium:noReset":true,"platform":"ANDROID","platformName":"android","appium:platformVersion":"13","appium:systemPort":54313,"appium:udid":"9d8668d4"}]}}[39m
[debug] [35m[W3C][39m Calling AppiumDriver.createSession() with args: [{"app":"C:\\Users\\LENOVO\\Downloads\\APIDemos (1).apk","noReset":true,"deviceName":"Xiaomi 2201117TY (Android 13)","fullReset":false,"platform":"ANDROID","newCommandTimeout":1800,"platformVersion":"13","automationName":"uiautomator2","autoGrantPermissions":true,"platformName":"Android","udid":"9d8668d4","systemPort":54313},null,{"firstMatch":[{"appium:app":"C:\\Users\\LENOVO\\Downloads\\APIDemos (1).apk","appium:autoGrantPermissions":true,"appium:automationName":"uiautomator2","appium:deviceName":"Xiaomi 2201117TY (Android 13)","appium:fullReset":false,"appium:newCommandTimeout":1800,"appium:noReset":true,"platform":"ANDROID","platformName":"android","appium:platformVersion":"13","appium:systemPort":54313,"appium:udid":"9d8668d4"}]}]
[debug] [35m[BaseDriver][39m Event 'newSessionRequested' logged at 1694417631814 (14:33:51 GMT+0700 (Western Indonesia Time))
[35m[BaseDriver][39m The following capabilities are not standard capabilities and should have an extension prefix:
[35m[BaseDriver][39m   platform
[35m[BaseDriver][39m   chromedriverPort
[35m[Appium][39m Appium v1.22.0 creating new AndroidUiautomator2Driver (v1.69.0) session
[debug] [35m[BaseDriver][39m W3C capabilities and MJSONWP desired capabilities were provided
[debug] [35m[BaseDriver][39m Creating session with W3C capabilities: {
[debug] [35m[BaseDriver][39m   "alwaysMatch": {
[debug] [35m[BaseDriver][39m     "appium:platform": "ANDROID",
[debug] [35m[BaseDriver][39m     "platformName": "android",
[debug] [35m[BaseDriver][39m     "appium:chromedriverPort": 54308,
[debug] [35m[BaseDriver][39m     "appium:app": "C:\\Users\\LENOVO\\Downloads\\APIDemos (1).apk",
[debug] [35m[BaseDriver][39m     "appium:autoGrantPermissions": true,
[debug] [35m[BaseDriver][39m     "appium:automationName": "uiautomator2",
[debug] [35m[BaseDriver][39m     "appium:deviceName": "Xiaomi 2201117TY (Android 13)",
[debug] [35m[BaseDriver][39m     "appium:fullReset": false,
[debug] [35m[BaseDriver][39m     "appium:newCommandTimeout": 1800,
[debug] [35m[BaseDriver][39m     "appium:noReset": true,
[debug] [35m[BaseDriver][39m     "appium:platformVersion": "13",
[debug] [35m[BaseDriver][39m     "appium:systemPort": 54313,
[debug] [35m[BaseDriver][39m     "appium:udid": "9d8668d4"
[debug] [35m[BaseDriver][39m   },
[debug] [35m[BaseDriver][39m   "firstMatch": [
[debug] [35m[BaseDriver][39m     {}
[debug] [35m[BaseDriver][39m   ]
[debug] [35m[BaseDriver][39m }
[35m[BaseDriver][39m The following capabilities were provided, but are not recognized by Appium:
[35m[BaseDriver][39m   platform
[35m[BaseDriver][39m Session created with session id: 05418315-127a-4696-97d5-d0e9676f0bc5
[35m[BaseDriver][39m Using local app 'C:\Users\LENOVO\Downloads\APIDemos (1).apk'
[debug] [35m[UiAutomator2][39m Checking whether app is actually present
[35m[ADB][39m Found 1 'build-tools' folders under 'C:\Users\LENOVO\.katalon\tools\android_sdk' (newest first):
[35m[ADB][39m     C:/Users/LENOVO/.katalon/tools/android_sdk/build-tools/29.0.3
[35m[ADB][39m Using 'adb.exe' from 'C:\Users\LENOVO\.katalon\tools\android_sdk\platform-tools\adb.exe'
[debug] [35m[ADB][39m Running 'C:\Users\LENOVO\.katalon\tools\android_sdk\platform-tools\adb.exe -P 5037 start-server'
[35m[AndroidDriver][39m Retrieving device list
[debug] [35m[ADB][39m Trying to find a connected android device
[debug] [35m[ADB][39m Getting connected devices
[debug] [35m[ADB][39m Connected devices: [{"udid":"9d8668d4","state":"device"}]
[35m[AndroidDriver][39m Using device: 9d8668d4
[35m[ADB][39m Using 'adb.exe' from 'C:\Users\LENOVO\.katalon\tools\android_sdk\platform-tools\adb.exe'
[debug] [35m[ADB][39m Running 'C:\Users\LENOVO\.katalon\tools\android_sdk\platform-tools\adb.exe -P 5037 start-server'
[debug] [35m[ADB][39m Setting device id to 9d8668d4
[debug] [35m[ADB][39m Running 'C:\Users\LENOVO\.katalon\tools\android_sdk\platform-tools\adb.exe -P 5037 -s 9d8668d4 shell getprop ro.build.version.sdk'
[debug] [35m[ADB][39m Current device property 'ro.build.version.sdk': 33
[35m[ADB][39m Getting device platform version
[debug] [35m[ADB][39m Running 'C:\Users\LENOVO\.katalon\tools\android_sdk\platform-tools\adb.exe -P 5037 -s 9d8668d4 shell getprop ro.build.version.release'
[debug] [35m[ADB][39m Current device property 'ro.build.version.release': 13
[debug] [35m[ADB][39m Device API level: 33
[35m[UiAutomator2][39m Relaxing hidden api policy
[debug] [35m[ADB][39m Running 'C:\Users\LENOVO\.katalon\tools\android_sdk\platform-tools\adb.exe -P 5037 -s 9d8668d4 shell 'settings put global hidden_api_policy_pre_p_apps 1;settings put global hidden_api_policy_p_apps 1;settings put global hidden_api_policy 1''
[debug] [35m[AndroidDriver][39m Parsing package and activity from app manifest
[35m[ADB][39m Package name: 'io.appium.android.apis'
[35m[ADB][39m Main activity name: 'io.appium.android.apis.ApiDemos'
[debug] [35m[AndroidDriver][39m Parsed package and activity are: io.appium.android.apis/io.appium.android.apis.ApiDemos
[debug] [35m[ADB][39m Running 'C:\Users\LENOVO\.katalon\tools\android_sdk\platform-tools\adb.exe -P 5037 -s 9d8668d4 wait-for-device'
[debug] [35m[ADB][39m Running 'C:\Users\LENOVO\.katalon\tools\android_sdk\platform-tools\adb.exe -P 5037 -s 9d8668d4 shell echo ping'
[debug] [35m[AndroidDriver][39m Pushing settings apk to device...
[debug] [35m[ADB][39m Getting install status for io.appium.settings
[debug] [35m[ADB][39m Running 'C:\Users\LENOVO\.katalon\tools\android_sdk\platform-tools\adb.exe -P 5037 -s 9d8668d4 shell dumpsys package io.appium.settings'
[debug] [35m[ADB][39m 'io.appium.settings' is installed
[debug] [35m[ADB][39m Getting package info for 'io.appium.settings'
[debug] [35m[ADB][39m Running 'C:\Users\LENOVO\.katalon\tools\android_sdk\platform-tools\adb.exe -P 5037 -s 9d8668d4 shell dumpsys package io.appium.settings'
[debug] [35m[ADB][39m The version name of the installed 'io.appium.settings' is greater or equal to the application version name ('3.4.0' >= '3.4.0')
[debug] [35m[ADB][39m There is no need to install/upgrade 'C:\Users\LENOVO\AppData\Roaming\npm\node_modules\appium\node_modules\io.appium.settings\apks\settings_apk-debug.apk'
[debug] [35m[ADB][39m Getting IDs of all 'io.appium.settings' processes
[debug] [35m[ADB][39m Running 'C:\Users\LENOVO\.katalon\tools\android_sdk\platform-tools\adb.exe -P 5037 -s 9d8668d4 shell 'pgrep --help; echo $?''
[debug] [35m[ADB][39m Running 'C:\Users\LENOVO\.katalon\tools\android_sdk\platform-tools\adb.exe -P 5037 -s 9d8668d4 shell pgrep -f \(\[\[:blank:\]\]\|\^\)io\.appium\.settings\(\[\[:blank:\]\]\|\$\)'
[debug] [35m[AndroidDriver][39m io.appium.settings is already running. There is no need to reset its permissions.
[debug] [35m[ADB][39m Running 'C:\Users\LENOVO\.katalon\tools\android_sdk\platform-tools\adb.exe -P 5037 -s 9d8668d4 shell appops set io.appium.settings android:mock_location allow'
[debug] [35m[Logcat][39m Starting logs capture with command: C:\\Users\\LENOVO\\.katalon\\tools\\android_sdk\\platform-tools\\adb.exe -P 5037 -s 9d8668d4 logcat -v threadtime
[debug] [35m[UiAutomator2][39m Forwarding UiAutomator2 Server port 6790 to local port 54313
[debug] [35m[ADB][39m Forwarding system: 54313 to device: 6790
[debug] [35m[ADB][39m Running 'C:\Users\LENOVO\.katalon\tools\android_sdk\platform-tools\adb.exe -P 5037 -s 9d8668d4 forward tcp:54313 tcp:6790'
[debug] [35m[ADB][39m Getting install status for io.appium.uiautomator2.server
[debug] [35m[ADB][39m Running 'C:\Users\LENOVO\.katalon\tools\android_sdk\platform-tools\adb.exe -P 5037 -s 9d8668d4 shell dumpsys package io.appium.uiautomator2.server'
[debug] [35m[ADB][39m 'io.appium.uiautomator2.server' is installed
[debug] [35m[ADB][39m Getting package info for 'io.appium.uiautomator2.server'
[debug] [35m[ADB][39m Running 'C:\Users\LENOVO\.katalon\tools\android_sdk\platform-tools\adb.exe -P 5037 -s 9d8668d4 shell dumpsys package io.appium.uiautomator2.server'
[debug] [35m[ADB][39m The version name of the installed 'io.appium.uiautomator2.server' is greater or equal to the application version name ('4.24.0' >= '4.24.0')
[debug] [35m[UiAutomator2][39m io.appium.uiautomator2.server installation state: sameVersionInstalled
[debug] [35m[ADB][39m Checking app cert for C:\Users\LENOVO\AppData\Roaming\npm\node_modules\appium\node_modules\appium-uiautomator2-server\apks\appium-uiautomator2-server-v4.24.0.apk
[35m[ADB][39m Using 'apksigner.jar' from 'C:\Users\LENOVO\.katalon\tools\android_sdk\build-tools\29.0.3\lib\apksigner.jar'
[debug] [35m[ADB][39m Starting apksigner: C:\\Users\\LENOVO\\.katalon\\packages\\Katalon_Studio_Windows_64-8.6.8\\Katalon_Studio_Windows_64-8.6.8\\jre\\bin\\java.exe -Xmx1024M -Xss1m -jar C:\\Users\\LENOVO\\.katalon\\tools\\android_sdk\\build-tools\\29.0.3\\lib\\apksigner.jar verify --print-certs C:\\Users\\LENOVO\\AppData\\Roaming\\npm\\node_modules\\appium\\node_modules\\appium-uiautomator2-server\\apks\\appium-uiautomator2-server-v4.24.0.apk
[debug] [35m[ADB][39m apksigner stdout: Signer #1 certificate DN: EMAILADDRESS=android@android.com, CN=Android, OU=Android, O=Android, L=Mountain View, ST=California, C=US
[debug] [35m[ADB][39m Signer #1 certificate SHA-256 digest: a40da80a59d170caa950cf15c18c454d47a39b26989d8b640ecd745ba71bf5dc
[debug] [35m[ADB][39m Signer #1 certificate SHA-1 digest: 61ed377e85d386a8dfee6b864bd85b0bfaa5af81
[debug] [35m[ADB][39m Signer #1 certificate MD5 digest: e89b158e4bcf988ebd09eb83f5378e87
[debug] [35m[ADB][39m 
[debug] [35m[ADB][39m sha256 hash did match for 'appium-uiautomator2-server-v4.24.0.apk'
[35m[ADB][39m 'C:\Users\LENOVO\AppData\Roaming\npm\node_modules\appium\node_modules\appium-uiautomator2-server\apks\appium-uiautomator2-server-v4.24.0.apk' is signed with the default certificate
[debug] [35m[ADB][39m Getting install status for io.appium.uiautomator2.server.test
[debug] [35m[ADB][39m Running 'C:\Users\LENOVO\.katalon\tools\android_sdk\platform-tools\adb.exe -P 5037 -s 9d8668d4 shell dumpsys package io.appium.uiautomator2.server.test'
[debug] [35m[ADB][39m 'io.appium.uiautomator2.server.test' is installed
[debug] [35m[ADB][39m Checking app cert for C:\Users\LENOVO\AppData\Roaming\npm\node_modules\appium\node_modules\appium-uiautomator2-server\apks\appium-uiautomator2-server-debug-androidTest.apk
[debug] [35m[ADB][39m Starting apksigner: C:\\Users\\LENOVO\\.katalon\\packages\\Katalon_Studio_Windows_64-8.6.8\\Katalon_Studio_Windows_64-8.6.8\\jre\\bin\\java.exe -Xmx1024M -Xss1m -jar C:\\Users\\LENOVO\\.katalon\\tools\\android_sdk\\build-tools\\29.0.3\\lib\\apksigner.jar verify --print-certs C:\\Users\\LENOVO\\AppData\\Roaming\\npm\\node_modules\\appium\\node_modules\\appium-uiautomator2-server\\apks\\appium-uiautomator2-server-debug-androidTest.apk
[debug] [35m[ADB][39m apksigner stdout: Signer #1 certificate DN: EMAILADDRESS=android@android.com, CN=Android, OU=Android, O=Android, L=Mountain View, ST=California, C=US
[debug] [35m[ADB][39m Signer #1 certificate SHA-256 digest: a40da80a59d170caa950cf15c18c454d47a39b26989d8b640ecd745ba71bf5dc
[debug] [35m[ADB][39m Signer #1 certificate SHA-1 digest: 61ed377e85d386a8dfee6b864bd85b0bfaa5af81
[debug] [35m[ADB][39m Signer #1 certificate MD5 digest: e89b158e4bcf988ebd09eb83f5378e87
[debug] [35m[ADB][39m 
[debug] [35m[ADB][39m sha256 hash did match for 'appium-uiautomator2-server-debug-androidTest.apk'
[35m[ADB][39m 'C:\Users\LENOVO\AppData\Roaming\npm\node_modules\appium\node_modules\appium-uiautomator2-server\apks\appium-uiautomator2-server-debug-androidTest.apk' is signed with the default certificate
[35m[UiAutomator2][39m Server packages are not going to be (re)installed
[debug] [35m[UiAutomator2][39m Waiting up to 30000ms for services to be available
[debug] [35m[ADB][39m Running 'C:\Users\LENOVO\.katalon\tools\android_sdk\platform-tools\adb.exe -P 5037 -s 9d8668d4 shell pm list instrumentation'
[debug] [35m[UiAutomator2][39m Instrumentation target 'io.appium.uiautomator2.server.test/androidx.test.runner.AndroidJUnitRunner' is available
[35m[ADB][39m Adding packages ["io.appium.settings","io.appium.uiautomator2.server","io.appium.uiautomator2.server.test"] to Doze whitelist
[debug] [35m[ADB][39m Got the following command chunks to execute: [["dumpsys","deviceidle","whitelist","+io.appium.settings",";","dumpsys","deviceidle","whitelist","+io.appium.uiautomator2.server",";","dumpsys","deviceidle","whitelist","+io.appium.uiautomator2.server.test",";"]]
[debug] [35m[ADB][39m Running 'C:\Users\LENOVO\.katalon\tools\android_sdk\platform-tools\adb.exe -P 5037 -s 9d8668d4 shell dumpsys deviceidle whitelist +io.appium.settings ; dumpsys deviceidle whitelist +io.appium.uiautomator2.server ; dumpsys deviceidle whitelist +io.appium.uiautomator2.server.test ;'
[debug] [35m[ADB][39m Checking app cert for C:\Users\LENOVO\Downloads\APIDemos (1).apk
[debug] [35m[ADB][39m Starting apksigner: C:\\Users\\LENOVO\\.katalon\\packages\\Katalon_Studio_Windows_64-8.6.8\\Katalon_Studio_Windows_64-8.6.8\\jre\\bin\\java.exe -Xmx1024M -Xss1m -jar C:\\Users\\LENOVO\\.katalon\\tools\\android_sdk\\build-tools\\29.0.3\\lib\\apksigner.jar verify --print-certs 'C:\\Users\\LENOVO\\Downloads\\APIDemos (1).apk'
[debug] [35m[ADB][39m apksigner stdout: Signer #1 certificate DN: CN=Android Debug, O=Android, C=US
[debug] [35m[ADB][39m Signer #1 certificate SHA-256 digest: 3e4f2ab66d641bbbd363421151755f8b12b66ea37a5db43c52116596b7392a8e
[debug] [35m[ADB][39m Signer #1 certificate SHA-1 digest: e24fc8971c0aad07d1df6cc62af7fb0d48b45b60
[debug] [35m[ADB][39m Signer #1 certificate MD5 digest: 5623d53469c7f7147b52ace9d09901eb
[debug] [35m[ADB][39m 
[35m[ADB][39m 'C:\Users\LENOVO\Downloads\APIDemos (1).apk' is signed with a non-default certificate
[debug] [35m[ADB][39m Getting install status for io.appium.android.apis
[debug] [35m[ADB][39m Running 'C:\Users\LENOVO\.katalon\tools\android_sdk\platform-tools\adb.exe -P 5037 -s 9d8668d4 shell dumpsys package io.appium.android.apis'
[debug] [35m[ADB][39m 'io.appium.android.apis' is not installed
[debug] [35m[ADB][39m App 'C:\Users\LENOVO\Downloads\APIDemos (1).apk' is not installed
[debug] [35m[ADB][39m Installing 'C:\Users\LENOVO\Downloads\APIDemos (1).apk'
[debug] [35m[ADB][39m Running 'C:\Users\LENOVO\.katalon\tools\android_sdk\platform-tools\adb.exe -P 5037 -s 9d8668d4 help'
[debug] [35m[ADB][39m Running 'C:\Users\LENOVO\.katalon\tools\android_sdk\platform-tools\adb.exe -P 5037 -s 9d8668d4 features'
[35m[ADB][39m The application at 'C:\Users\LENOVO\Downloads\APIDemos (1).apk' will not be cached, because the device under test has confirmed the support of streamed installs
[debug] [35m[ADB][39m Running 'C:\Users\LENOVO\.katalon\tools\android_sdk\platform-tools\adb.exe -P 5037 -s 9d8668d4 install -g 'C:\\Users\\LENOVO\\Downloads\\APIDemos (1).apk''
[35m[ADB][39m The installation of 'APIDemos (1).apk' took 11527ms
[debug] [35m[ADB][39m Install command stdout: Performing Streamed Install
[debug] [35m[ADB][39m Success
[debug] [35m[UiAutomator2][39m Performing shallow cleanup of automation leftovers
[debug] [35m[UiAutomator2][39m No obsolete sessions have been detected (socket hang up)
[debug] [35m[ADB][39m Running 'C:\Users\LENOVO\.katalon\tools\android_sdk\platform-tools\adb.exe -P 5037 -s 9d8668d4 shell am force-stop io.appium.uiautomator2.server.test'
[35m[UiAutomator2][39m Starting UIAutomator2 server 4.24.0
[35m[UiAutomator2][39m Using UIAutomator2 server from 'C:\Users\LENOVO\AppData\Roaming\npm\node_modules\appium\node_modules\appium-uiautomator2-server\apks\appium-uiautomator2-server-v4.24.0.apk' and test from 'C:\Users\LENOVO\AppData\Roaming\npm\node_modules\appium\node_modules\appium-uiautomator2-server\apks\appium-uiautomator2-server-debug-androidTest.apk'
[35m[UiAutomator2][39m Waiting up to 30000ms for UiAutomator2 to be online...
[debug] [35m[ADB][39m Creating ADB subprocess with args: ["-P",5037,"-s","9d8668d4","shell","am","instrument","-w","-e","disableAnalytics",true,"io.appium.uiautomator2.server.test/androidx.test.runner.AndroidJUnitRunner"]
[debug] [35m[WD Proxy][39m Matched '/status' to command name 'getStatus'
[debug] [35m[WD Proxy][39m Proxying [GET /status] to [GET http://127.0.0.1:54313/wd/hub/status] with no body
[35m[WD Proxy][39m socket hang up
[debug] [35m[WD Proxy][39m Matched '/status' to command name 'getStatus'
[debug] [35m[WD Proxy][39m Proxying [GET /status] to [GET http://127.0.0.1:54313/wd/hub/status] with no body
[35m[WD Proxy][39m socket hang up
[debug] [35m[WD Proxy][39m Matched '/status' to command name 'getStatus'
[debug] [35m[WD Proxy][39m Proxying [GET /status] to [GET http://127.0.0.1:54313/wd/hub/status] with no body
[35m[WD Proxy][39m socket hang up
[debug] [35m[Instrumentation][39m io.appium.uiautomator2.server.test.AppiumUiAutomator2Server:
[debug] [35m[WD Proxy][39m Matched '/status' to command name 'getStatus'
[debug] [35m[WD Proxy][39m Proxying [GET /status] to [GET http://127.0.0.1:54313/wd/hub/status] with no body
[35m[WD Proxy][39m socket hang up
[debug] [35m[WD Proxy][39m Matched '/status' to command name 'getStatus'
[debug] [35m[WD Proxy][39m Proxying [GET /status] to [GET http://127.0.0.1:54313/wd/hub/status] with no body
[debug] [35m[WD Proxy][39m Got response with status 200: {"sessionId":"None","value":{"message":"UiAutomator2 Server is ready to accept commands","ready":true}}
[debug] [35m[UiAutomator2][39m The initialization of the instrumentation process took 4220ms
[debug] [35m[WD Proxy][39m Matched '/session' to command name 'createSession'
[debug] [35m[WD Proxy][39m Proxying [POST /session] to [POST http://127.0.0.1:54313/wd/hub/session] with body: {"capabilities":{"firstMatch":[{"platform":"ANDROID","webStorageEnabled":false,"takesScreenshot":true,"javascriptEnabled":true,"databaseEnabled":false,"networkConnectionEnabled":true,"locationContextEnabled":false,"warnings":{},"desired":{"platformName":"android","platform":"ANDROID","chromedriverPort":54308,"app":"C:\\Users\\LENOVO\\Downloads\\APIDemos (1).apk","autoGrantPermissions":true,"automationName":"uiautomator2","deviceName":"Xiaomi 2201117TY (Android 13)","fullReset":false,"newCommandTimeout":1800,"noReset":true,"platformVersion":"13","systemPort":54313,"udid":"9d8668d4"},"platformName":"android","chromedriverPort":54308,"app":"C:\\Users\\LENOVO\\Downloads\\APIDemos (1).apk","autoGrantPermissions":true,"automationName":"uiautomator2","deviceName":"9d8668d4","fullReset":false,"newCommandTimeout":1800,"noReset":true,"platformVersion":"13","systemPort":54313,"udid":"9d8668d4","deviceUDID":"9d8668d4","appPackage":"io.appium.android.apis"}],"alwaysMatch":{}}}
[debug] [35m[WD Proxy][39m Got response with status 200: {"sessionId":"c72c45ce-2e08-48bc-80cd-b4fe7d08c0c4","value":{"capabilities":{"firstMatch":[{"platform":"ANDROID","webStorageEnabled":false,"takesScreenshot":true,"javascriptEnabled":true,"databaseEnabled":false,"networkConnectionEnabled":true,"locationContextEnabled":false,"warnings":{},"desired":{"platformName":"android","platform":"ANDROID","chromedriverPort":54308,"app":"C:\\Users\\LENOVO\\Downloads\\APIDemos (1).apk","autoGrantPermissions":true,"automationName":"uiautomator2","deviceName":"Xiaomi 2201117TY (Android 13)","fullReset":false,"newCommandTimeout":1800,"noReset":true,"platformVersion":"13","systemPort":54313,"udid":"9d8668d4"},"platformName":"android","chromedriverPort":54308,"app":"C:\\Users\\LENOVO\\Downloads\\APIDemos (1).apk","autoGrantPermissions":true,"automationName":"uiautomator2","deviceName":"9d8668d4","fullReset":false,"newCommandTimeout":1800,"noReset":true,"platformVersion":"13","systemPort":54313,"udid":"9d8668d4","deviceUDID":"9d8668d4","appPackage":"io.appium.android.apis"}],"...
[35m[WD Proxy][39m Determined the downstream protocol as 'W3C'
[debug] [35m[WD Proxy][39m Proxying [GET /appium/device/info] to [GET http://127.0.0.1:54313/wd/hub/session/c72c45ce-2e08-48bc-80cd-b4fe7d08c0c4/appium/device/info] with no body
[debug] [35m[WD Proxy][39m Got response with status 200: {"sessionId":"c72c45ce-2e08-48bc-80cd-b4fe7d08c0c4","value":{"androidId":"ef1293c4beb437d9","apiVersion":"33","bluetooth":{"state":"OFF"},"brand":"Redmi","carrierName":"by.U","displayDensity":440,"locale":"en_GB","manufacturer":"Xiaomi","model":"2201117TY","networks":[],"platformVersion":"13","realDisplaySize":"1080x2400","timeZone":"Asia/Jakarta"}}
[debug] [35m[ADB][39m Running 'C:\Users\LENOVO\.katalon\tools\android_sdk\platform-tools\adb.exe -P 5037 -s 9d8668d4 shell dumpsys window'
[35m[AndroidDriver][39m Screen already unlocked, doing nothing
[35m[UiAutomator2][39m Starting 'io.appium.android.apis/io.appium.android.apis.ApiDemos and waiting for 'io.appium.android.apis/io.appium.android.apis.ApiDemos'
[debug] [35m[ADB][39m Running 'C:\Users\LENOVO\.katalon\tools\android_sdk\platform-tools\adb.exe -P 5037 -s 9d8668d4 shell am start -W -n io.appium.android.apis/io.appium.android.apis.ApiDemos -S -a android.intent.action.MAIN -c android.intent.category.LAUNCHER -f 0x10200000'
[debug] [35m[ADB][39m Waiting up to 20000ms for activity matching pkg: 'io.appium.android.apis' and activity: 'io.appium.android.apis.ApiDemos' to be focused
[debug] [35m[ADB][39m Possible activities, to be checked: 'io.appium.android.apis.ApiDemos', 'io.appium.android.apis.io.appium.android.apis.ApiDemos'
[debug] [35m[ADB][39m Getting focused package and activity
[debug] [35m[ADB][39m Running 'C:\Users\LENOVO\.katalon\tools\android_sdk\platform-tools\adb.exe -P 5037 -s 9d8668d4 shell dumpsys window displays'
[debug] [35m[ADB][39m Found package: 'io.appium.android.apis' and fully qualified activity name : 'io.appium.android.apis.ApiDemos'
[debug] [35m[WD Proxy][39m Proxying [GET /appium/device/pixel_ratio] to [GET http://127.0.0.1:54313/wd/hub/session/c72c45ce-2e08-48bc-80cd-b4fe7d08c0c4/appium/device/pixel_ratio] with no body
[debug] [35m[WD Proxy][39m Got response with status 200: {"sessionId":"c72c45ce-2e08-48bc-80cd-b4fe7d08c0c4","value":2.75}
[debug] [35m[WD Proxy][39m Matched '/appium/device/system_bars' to command name 'getSystemBars'
[debug] [35m[WD Proxy][39m Proxying [GET /appium/device/system_bars] to [GET http://127.0.0.1:54313/wd/hub/session/c72c45ce-2e08-48bc-80cd-b4fe7d08c0c4/appium/device/system_bars] with no body
[debug] [35m[WD Proxy][39m Got response with status 200: {"sessionId":"c72c45ce-2e08-48bc-80cd-b4fe7d08c0c4","value":{"statusBar":93}}
[debug] [35m[WD Proxy][39m Matched '/window/current/size' to command name 'getWindowSize'
[debug] [35m[WD Proxy][39m Proxying [GET /window/current/size] to [GET http://127.0.0.1:54313/wd/hub/session/c72c45ce-2e08-48bc-80cd-b4fe7d08c0c4/window/current/size] with no body
[debug] [35m[WD Proxy][39m Got response with status 200: {"sessionId":"c72c45ce-2e08-48bc-80cd-b4fe7d08c0c4","value":{"height":2263,"width":1080}}
[35m[Appium][39m New AndroidUiautomator2Driver session created successfully, session 05418315-127a-4696-97d5-d0e9676f0bc5 added to master session list
[debug] [35m[BaseDriver][39m Event 'newSessionStarted' logged at 1694417652750 (14:34:12 GMT+0700 (Western Indonesia Time))
[debug] [35m[W3C (05418315)][39m Cached the protocol value 'W3C' for the new session 05418315-127a-4696-97d5-d0e9676f0bc5
[debug] [35m[W3C (05418315)][39m Responding to client with driver.createSession() result: {"capabilities":{"platform":"ANDROID","webStorageEnabled":false,"takesScreenshot":true,"javascriptEnabled":true,"databaseEnabled":false,"networkConnectionEnabled":true,"locationContextEnabled":false,"warnings":{},"desired":{"platformName":"android","platform":"ANDROID","chromedriverPort":54308,"app":"C:\\Users\\LENOVO\\Downloads\\APIDemos (1).apk","autoGrantPermissions":true,"automationName":"uiautomator2","deviceName":"Xiaomi 2201117TY (Android 13)","fullReset":false,"newCommandTimeout":1800,"noReset":true,"platformVersion":"13","systemPort":54313,"udid":"9d8668d4"},"platformName":"android","chromedriverPort":54308,"app":"C:\\Users\\LENOVO\\Downloads\\APIDemos (1).apk","autoGrantPermissions":true,"automationName":"uiautomator2","deviceName":"9d8668d4","fullReset":false,"newCommandTimeout":1800,"noReset":true,"platformVersion":"13","systemPort":54313,"udid":"9d8668d4","deviceUDID":"9d8668d4","appPackage":"io.appium.android.apis","deviceApiLevel":33,"deviceScreenSize":"1080x2400","deviceScreenDensity":440,"...
[35m[HTTP][39m [37m<-- POST /wd/hub/session [39m[32m200[39m [90m20939 ms - 1237[39m
[35m[HTTP][39m [90m[39m
[35m[HTTP][39m [37m-->[39m [37mGET[39m [37m/wd/hub/session/05418315-127a-4696-97d5-d0e9676f0bc5[39m
[35m[HTTP][39m [90m{}[39m
[debug] [35m[W3C (05418315)][39m Calling AppiumDriver.getSession() with args: ["05418315-127a-4696-97d5-d0e9676f0bc5"]
[debug] [35m[UiAutomator2][39m Getting session details from server to mix in
[debug] [35m[WD Proxy][39m Matched '/' to command name 'getSession'
[debug] [35m[WD Proxy][39m Proxying [GET /] to [GET http://127.0.0.1:54313/wd/hub/session/c72c45ce-2e08-48bc-80cd-b4fe7d08c0c4] with no body
[debug] [35m[WD Proxy][39m Got response with status 200: {"sessionId":"c72c45ce-2e08-48bc-80cd-b4fe7d08c0c4","value":{"lastScrollData":null}}
[debug] [35m[W3C (05418315)][39m Responding to client with driver.getSession() result: {"platform":"ANDROID","webStorageEnabled":false,"takesScreenshot":true,"javascriptEnabled":true,"databaseEnabled":false,"networkConnectionEnabled":true,"locationContextEnabled":false,"warnings":{},"desired":{"platformName":"android","platform":"ANDROID","chromedriverPort":54308,"app":"C:\\Users\\LENOVO\\Downloads\\APIDemos (1).apk","autoGrantPermissions":true,"automationName":"uiautomator2","deviceName":"Xiaomi 2201117TY (Android 13)","fullReset":false,"newCommandTimeout":1800,"noReset":true,"platformVersion":"13","systemPort":54313,"udid":"9d8668d4"},"platformName":"android","chromedriverPort":54308,"app":"C:\\Users\\LENOVO\\Downloads\\APIDemos (1).apk","autoGrantPermissions":true,"automationName":"uiautomator2","deviceName":"9d8668d4","fullReset":false,"newCommandTimeout":1800,"noReset":true,"platformVersion":"13","systemPort":54313,"udid":"9d8668d4","deviceUDID":"9d8668d4","appPackage":"io.appium.android.apis","deviceApiLevel":33,"deviceScreenSize":"1080x2400","deviceScreenDensity":440,"deviceModel":"22...
[35m[HTTP][39m [37m<-- GET /wd/hub/session/05418315-127a-4696-97d5-d0e9676f0bc5 [39m[32m200[39m [90m12 ms - 1191[39m
[35m[HTTP][39m [90m[39m
[35m[HTTP][39m [37m-->[39m [37mGET[39m [37m/wd/hub/session/05418315-127a-4696-97d5-d0e9676f0bc5[39m
[35m[HTTP][39m [90m{}[39m
[debug] [35m[W3C (05418315)][39m Calling AppiumDriver.getSession() with args: ["05418315-127a-4696-97d5-d0e9676f0bc5"]
[debug] [35m[UiAutomator2][39m Getting session details from server to mix in
[debug] [35m[WD Proxy][39m Matched '/' to command name 'getSession'
[debug] [35m[WD Proxy][39m Proxying [GET /] to [GET http://127.0.0.1:54313/wd/hub/session/c72c45ce-2e08-48bc-80cd-b4fe7d08c0c4] with no body
[debug] [35m[WD Proxy][39m Got response with status 200: {"sessionId":"c72c45ce-2e08-48bc-80cd-b4fe7d08c0c4","value":{"lastScrollData":null}}
[debug] [35m[W3C (05418315)][39m Responding to client with driver.getSession() result: {"platform":"ANDROID","webStorageEnabled":false,"takesScreenshot":true,"javascriptEnabled":true,"databaseEnabled":false,"networkConnectionEnabled":true,"locationContextEnabled":false,"warnings":{},"desired":{"platformName":"android","platform":"ANDROID","chromedriverPort":54308,"app":"C:\\Users\\LENOVO\\Downloads\\APIDemos (1).apk","autoGrantPermissions":true,"automationName":"uiautomator2","deviceName":"Xiaomi 2201117TY (Android 13)","fullReset":false,"newCommandTimeout":1800,"noReset":true,"platformVersion":"13","systemPort":54313,"udid":"9d8668d4"},"platformName":"android","chromedriverPort":54308,"app":"C:\\Users\\LENOVO\\Downloads\\APIDemos (1).apk","autoGrantPermissions":true,"automationName":"uiautomator2","deviceName":"9d8668d4","fullReset":false,"newCommandTimeout":1800,"noReset":true,"platformVersion":"13","systemPort":54313,"udid":"9d8668d4","deviceUDID":"9d8668d4","appPackage":"io.appium.android.apis","deviceApiLevel":33,"deviceScreenSize":"1080x2400","deviceScreenDensity":440,"deviceModel":"22...
[35m[HTTP][39m [37m<-- GET /wd/hub/session/05418315-127a-4696-97d5-d0e9676f0bc5 [39m[32m200[39m [90m11 ms - 1191[39m
[35m[HTTP][39m [90m[39m
[35m[HTTP][39m [37m-->[39m [37mGET[39m [37m/wd/hub/status[39m
[35m[HTTP][39m [90m{}[39m
[debug] [35m[GENERIC][39m Calling AppiumDriver.getStatus() with args: []
[debug] [35m[GENERIC][39m Responding to client with driver.getStatus() result: {"build":{"version":"1.22.0"}}
[35m[HTTP][39m [37m<-- GET /wd/hub/status [39m[32m200[39m [90m1 ms - 68[39m
[35m[HTTP][39m [90m[39m
[35m[HTTP][39m [37m-->[39m [37mPOST[39m [37m/wd/hub/session/05418315-127a-4696-97d5-d0e9676f0bc5/timeouts[39m
[35m[HTTP][39m [90m{"implicit":60000}[39m
[debug] [35m[W3C (05418315)][39m Calling AppiumDriver.timeouts() with args: [null,null,null,null,60000,"05418315-127a-4696-97d5-d0e9676f0bc5"]
[debug] [35m[BaseDriver][39m W3C timeout argument: {"implicit":60000}}
[debug] [35m[BaseDriver][39m Set implicit wait to 60000ms
[debug] [35m[W3C (05418315)][39m Responding to client with driver.timeouts() result: null
[35m[HTTP][39m [37m<-- POST /wd/hub/session/05418315-127a-4696-97d5-d0e9676f0bc5/timeouts [39m[32m200[39m [90m3 ms - 14[39m
[35m[HTTP][39m [90m[39m
[35m[HTTP][39m [37m-->[39m [37mGET[39m [37m/wd/hub/session/05418315-127a-4696-97d5-d0e9676f0bc5/source[39m
[35m[HTTP][39m [90m{}[39m
[35m[W3C (05418315)][39m Driver proxy active, passing request on via HTTP proxy
[debug] [35m[WD Proxy][39m Matched '/wd/hub/session/05418315-127a-4696-97d5-d0e9676f0bc5/source' to command name 'getPageSource'
[debug] [35m[WD Proxy][39m Proxying [GET /wd/hub/session/05418315-127a-4696-97d5-d0e9676f0bc5/source] to [GET http://127.0.0.1:54313/wd/hub/session/c72c45ce-2e08-48bc-80cd-b4fe7d08c0c4/source] with no body
[debug] [35m[WD Proxy][39m Got response with status 200: {"sessionId":"c72c45ce-2e08-48bc-80cd-b4fe7d08c0c4","value":"<?xml version='1.0' encoding='UTF-8' standalone='yes' ?>\r\n<hierarchy index=\"0\" class=\"hierarchy\" rotation=\"0\" width=\"1080\" height=\"2263\">\r\n  <android.widget.FrameLayout index=\"0\" package=\"io.appium.android.apis\" class=\"android.widget.FrameLayout\" text=\"\" checkable=\"false\" checked=\"false\" clickable=\"false\" enabled=\"true\" focusable=\"false\" focused=\"false\" long-clickable=\"false\" password=\"false\" scrollable=\"false\" selected=\"false\" bounds=\"[0,0][1080,2263]\" displayed=\"true\">\r\n    <android.view.ViewGroup index=\"0\" package=\"io.appium.android.apis\" class=\"android.view.ViewGroup\" text=\"\" resource-id=\"android:id/decor_content_parent\" checkable=\"false\" checked=\"false\" clickable=\"false\" enabled=\"true\" focusable=\"false\" focused=\"false\" long-clickable=\"false\" password=\"false\" scrollable=\"false\" selected=\"false\" bounds=\"[0,0][1080,2263]\" displayed=\"true\">\r\n      <android.widget...
[35m[WD Proxy][39m Replacing sessionId c72c45ce-2e08-48bc-80cd-b4fe7d08c0c4 with 05418315-127a-4696-97d5-d0e9676f0bc5
[35m[HTTP][39m [37m<-- GET /wd/hub/session/05418315-127a-4696-97d5-d0e9676f0bc5/source [39m[32m200[39m [90m164 ms - 8575[39m
[35m[HTTP][39m [90m[39m
[35m[HTTP][39m [37m-->[39m [37mGET[39m [37m/wd/hub/session/05418315-127a-4696-97d5-d0e9676f0bc5/screenshot[39m
[35m[HTTP][39m [90m{}[39m
[debug] [35m[W3C (05418315)][39m Calling AppiumDriver.getScreenshot() with args: ["05418315-127a-4696-97d5-d0e9676f0bc5"]
[debug] [35m[WD Proxy][39m Matched '/screenshot' to command name 'getScreenshot'
[debug] [35m[WD Proxy][39m Proxying [GET /screenshot] to [GET http://127.0.0.1:54313/wd/hub/session/c72c45ce-2e08-48bc-80cd-b4fe7d08c0c4/screenshot] with no body
[debug] [35m[WD Proxy][39m Got response with status 200: {"sessionId":"c72c45ce-2e08-48bc-80cd-b4fe7d08c0c4","value":"iVBORw0KGgoAAAANSUhEUgAABDgAAAlgCAYAAABtGofVAAAAAXNSR0IArs4c6QAAAARzQklUCAgI\nCHwIZIgAACAASURBVHic7N13WFPXHwbwNyEJK0xBlKkiIC4QcFdBcVexamud3eJqq1ZtrR042jrq\n6LDW8et0dznQap2gVayAewAOcIGAIBuEQH5/IJGQAAECGHg/z9On5uSOc1Eg973nfI+gub2DHERE\nREREREREOkxY3x0gIiIiIiIiIqopBhxEREREREREpPMYcBARERERERGRzmPAQUREREREREQ6jwEH\nEREREREREek8BhxEREREREREpPMYcBARERERERGRzmPAQUREREREREQ6jwEHEREREREREek8BhxE\nREREREREpPMYcBARERERERGRzmPAQUREREREREQ6jwEHEREREREREek8BhxEREREREREpPMYcBAR\nERERERGRzmPAQUREREREREQ6jwEHEREREREREek8BhxEREREREREpPMYcBARERERERGRzmPAQURE\nREREREQ6jwEHEREREREREek8BhxEREREREREpPMYcBARERERERGRzmPAQUREREREREQ6jwEHERER\nEREREek8BhxEREREREREpPMYcBARERERERGRzmPAQUREREREREQ6jwEHEREREREREek8BhxERERE\nREREpPMYcBARERERERGRzmPAQUREREREREQ6jwEHEREREREREek8BhxEREREREREpPMYcBARERER\nERGRzmPAQUREREREREQ6jwEHEREREREREek8BhxEREREREREpPMYcBARERERERGRzmPAQURERERE\nREQ6T1TfHSCiZ4++vj66dOmMjPQMXL9xAzk5OTU+ppGREVxat4apmSnOnAnH48ePtdBTIiIiIiKi\nYgw4iLTM1tYWfr6+6OzjDdvm...
[debug] [35m[W3C (05418315)][39m Responding to client with driver.getScreenshot() result: "iVBORw0KGgoAAAANSUhEUgAABDgAAAlgCAYAAABtGofVAAAAAXNSR0IArs4c6QAAAARzQklUCAgI\nCHwIZIgAACAASURBVHic7N13WFPXHwbwNyEJK0xBlKkiIC4QcFdBcVexamud3eJqq1ZtrR042jrq\n6LDW8et0dznQap2gVayAewAOcIGAIBuEQH5/IJGQAAECGHg/z9On5uSOc1Eg973nfI+gub2DHERE\nREREREREOkxY3x0gIiIiIiIiIqopBhxEREREREREpPMYcBARERERERGRzmPAQUREREREREQ6jwEH\nEREREREREek8BhxEREREREREpPMYcBARERERERGRzmPAQUREREREREQ6jwEHEREREREREek8BhxE\nREREREREpPMYcBARERERERGRzmPAQUREREREREQ6jwEHEREREREREek8BhxEREREREREpPMYcBAR\nERERERGRzmPAQUREREREREQ6jwEHEREREREREek8BhxEREREREREpPMYcBARERERERGRzmPAQURE\nREREREQ6jwEHEREREREREek8BhxEREREREREpPMYcBARERERERGRzmPAQUREREREREQ6jwEHERER\nEREREek8BhxEREREREREpPMYcBARERERERGRzmPAQUREREREREQ6jwEHEREREREREek8BhxERERE\nREREpPMYcBARERERERGRzmPAQUREREREREQ6jwEHEREREREREek8BhxEREREREREpPMYcBARERER\nERGRzmPAQUREREREREQ6jwEHEREREREREek8BhxEREREREREpPMYcBARERERERGRzmPAQURERERE\nREQ6T1TfHSCiZ4++vj66dOmMjPQMXL9xAzk5OTU+ppGREVxat4apmSnOnAnH48ePtdBTIiIiIiKi\nYgw4iLTM1tYWfr6+6OzjDdvmtnB1cwUAxETHID4hHuERkQgJDUV8fLza/acEBsLb2wvHQkKxddu2\nuuw6AO...
[35m[HTTP][39m [37m<-- GET /wd/hub/session/05418315-127a-4696-97d5-d0e9676f0bc5/screenshot [39m[32m200[39m [90m574 ms - 103458[39m
[35m[HTTP][39m [90m[39m
[35m[HTTP][39m [37m-->[39m [37mPOST[39m [37m/wd/hub/session/05418315-127a-4696-97d5-d0e9676f0bc5/elements[39m
[35m[HTTP][39m [90m{"using":"xpath","value":"//*[@class = 'android.widget.TextView' and (@text = 'Animation' or . = 'Animation') and @resource-id = 'android:id/text1']"}[39m
[debug] [35m[W3C (05418315)][39m Calling AppiumDriver.findElements() with args: ["xpath","//*[@class = 'android.widget.TextView' and (@text = 'Animation' or . = 'Animation') and @resource-id = 'android:id/text1']","05418315-127a-4696-97d5-d0e9676f0bc5"]
[debug] [35m[BaseDriver][39m Valid locator strategies for this request: xpath, id, class name, accessibility id, css selector, -android uiautomator
[debug] [35m[BaseDriver][39m Waiting up to 60000 ms for condition
[debug] [35m[WD Proxy][39m Matched '/elements' to command name 'findElements'
[debug] [35m[WD Proxy][39m Proxying [POST /elements] to [POST http://127.0.0.1:54313/wd/hub/session/c72c45ce-2e08-48bc-80cd-b4fe7d08c0c4/elements] with body: {"strategy":"xpath","selector":"//*[@class = 'android.widget.TextView' and (@text = 'Animation' or . = 'Animation') and @resource-id = 'android:id/text1']","context":"","multiple":true}
[debug] [35m[WD Proxy][39m Got response with status 200: {"sessionId":"c72c45ce-2e08-48bc-80cd-b4fe7d08c0c4","value":[{"ELEMENT":"00000000-0000-0210-ffff-ffff0000000b","element-6066-11e4-a52e-4f735466cecf":"00000000-0000-0210-ffff-ffff0000000b"}]}
[debug] [35m[W3C (05418315)][39m Responding to client with driver.findElements() result: [{"element-6066-11e4-a52e-4f735466cecf":"00000000-0000-0210-ffff-ffff0000000b","ELEMENT":"00000000-0000-0210-ffff-ffff0000000b"}]
[35m[HTTP][39m [37m<-- POST /wd/hub/session/05418315-127a-4696-97d5-d0e9676f0bc5/elements [39m[32m200[39m [90m307 ms - 139[39m
[35m[HTTP][39m [90m[39m
[35m[HTTP][39m [37m-->[39m [37mGET[39m [37m/wd/hub/session/05418315-127a-4696-97d5-d0e9676f0bc5/window/rect[39m
[35m[HTTP][39m [90m{}[39m
[debug] [35m[W3C (05418315)][39m Calling AppiumDriver.getWindowRect() with args: ["05418315-127a-4696-97d5-d0e9676f0bc5"]
[debug] [35m[WD Proxy][39m Matched '/window/current/size' to command name 'getWindowSize'
[debug] [35m[WD Proxy][39m Proxying [GET /window/current/size] to [GET http://127.0.0.1:54313/wd/hub/session/c72c45ce-2e08-48bc-80cd-b4fe7d08c0c4/window/current/size] with no body
[debug] [35m[WD Proxy][39m Got response with status 200: {"sessionId":"c72c45ce-2e08-48bc-80cd-b4fe7d08c0c4","value":{"height":2263,"width":1080}}
[debug] [35m[W3C (05418315)][39m Responding to client with driver.getWindowRect() result: {"width":1080,"height":2263,"x":0,"y":0}
[35m[HTTP][39m [37m<-- GET /wd/hub/session/05418315-127a-4696-97d5-d0e9676f0bc5/window/rect [39m[32m200[39m [90m27 ms - 50[39m
[35m[HTTP][39m [90m[39m
[35m[HTTP][39m [37m-->[39m [37mPOST[39m [37m/wd/hub/session/05418315-127a-4696-97d5-d0e9676f0bc5/elements[39m
[35m[HTTP][39m [90m{"using":"xpath","value":"//*[@class = 'android.widget.TextView' and (@text = 'Animation' or . = 'Animation') and @resource-id = 'android:id/text1']"}[39m
[debug] [35m[W3C (05418315)][39m Calling AppiumDriver.findElements() with args: ["xpath","//*[@class = 'android.widget.TextView' and (@text = 'Animation' or . = 'Animation') and @resource-id = 'android:id/text1']","05418315-127a-4696-97d5-d0e9676f0bc5"]
[debug] [35m[BaseDriver][39m Valid locator strategies for this request: xpath, id, class name, accessibility id, css selector, -android uiautomator
[debug] [35m[BaseDriver][39m Waiting up to 60000 ms for condition
[debug] [35m[WD Proxy][39m Matched '/elements' to command name 'findElements'
[debug] [35m[WD Proxy][39m Proxying [POST /elements] to [POST http://127.0.0.1:54313/wd/hub/session/c72c45ce-2e08-48bc-80cd-b4fe7d08c0c4/elements] with body: {"strategy":"xpath","selector":"//*[@class = 'android.widget.TextView' and (@text = 'Animation' or . = 'Animation') and @resource-id = 'android:id/text1']","context":"","multiple":true}
[debug] [35m[WD Proxy][39m Got response with status 200: {"sessionId":"c72c45ce-2e08-48bc-80cd-b4fe7d08c0c4","value":[{"ELEMENT":"00000000-0000-0210-ffff-ffff0000000b","element-6066-11e4-a52e-4f735466cecf":"00000000-0000-0210-ffff-ffff0000000b"}]}
[debug] [35m[W3C (05418315)][39m Responding to client with driver.findElements() result: [{"element-6066-11e4-a52e-4f735466cecf":"00000000-0000-0210-ffff-ffff0000000b","ELEMENT":"00000000-0000-0210-ffff-ffff0000000b"}]
[35m[HTTP][39m [37m<-- POST /wd/hub/session/05418315-127a-4696-97d5-d0e9676f0bc5/elements [39m[32m200[39m [90m149 ms - 139[39m
[35m[HTTP][39m [90m[39m
[35m[HTTP][39m [37m-->[39m [37mGET[39m [37m/wd/hub/session/05418315-127a-4696-97d5-d0e9676f0bc5/element/00000000-0000-0210-ffff-ffff0000000b/location[39m
[35m[HTTP][39m [90m{}[39m
[35m[W3C (05418315)][39m Driver proxy active, passing request on via HTTP proxy
[debug] [35m[WD Proxy][39m Matched '/wd/hub/session/05418315-127a-4696-97d5-d0e9676f0bc5/element/00000000-0000-0210-ffff-ffff0000000b/location' to command name 'getLocation'
[debug] [35m[WD Proxy][39m Proxying [GET /wd/hub/session/05418315-127a-4696-97d5-d0e9676f0bc5/element/00000000-0000-0210-ffff-ffff0000000b/location] to [GET http://127.0.0.1:54313/wd/hub/session/c72c45ce-2e08-48bc-80cd-b4fe7d08c0c4/element/00000000-0000-0210-ffff-ffff0000000b/location] with no body
[debug] [35m[WD Proxy][39m Got response with status 200: {"sessionId":"c72c45ce-2e08-48bc-80cd-b4fe7d08c0c4","value":{"x":0,"y":517}}
[35m[WD Proxy][39m Replacing sessionId c72c45ce-2e08-48bc-80cd-b4fe7d08c0c4 with 05418315-127a-4696-97d5-d0e9676f0bc5
[35m[HTTP][39m [37m<-- GET /wd/hub/session/05418315-127a-4696-97d5-d0e9676f0bc5/element/00000000-0000-0210-ffff-ffff0000000b/location [39m[32m200[39m [90m30 ms - 76[39m
[35m[HTTP][39m [90m[39m
[35m[HTTP][39m [37m-->[39m [37mPOST[39m [37m/wd/hub/session/05418315-127a-4696-97d5-d0e9676f0bc5/element/00000000-0000-0210-ffff-ffff0000000b/click[39m
[35m[HTTP][39m [90m{"id":"00000000-0000-0210-ffff-ffff0000000b"}[39m
[debug] [35m[W3C (05418315)][39m Calling AppiumDriver.click() with args: ["00000000-0000-0210-ffff-ffff0000000b","05418315-127a-4696-97d5-d0e9676f0bc5"]
[debug] [35m[WD Proxy][39m Matched '/element/00000000-0000-0210-ffff-ffff0000000b/click' to command name 'click'
[debug] [35m[WD Proxy][39m Proxying [POST /element/00000000-0000-0210-ffff-ffff0000000b/click] to [POST http://127.0.0.1:54313/wd/hub/session/c72c45ce-2e08-48bc-80cd-b4fe7d08c0c4/element/00000000-0000-0210-ffff-ffff0000000b/click] with body: {"element":"00000000-0000-0210-ffff-ffff0000000b"}
[debug] [35m[WD Proxy][39m Got response with status 200: {"sessionId":"c72c45ce-2e08-48bc-80cd-b4fe7d08c0c4","value":null}
[debug] [35m[W3C (05418315)][39m Responding to client with driver.click() result: null
[35m[HTTP][39m [37m<-- POST /wd/hub/session/05418315-127a-4696-97d5-d0e9676f0bc5/element/00000000-0000-0210-ffff-ffff0000000b/click [39m[32m200[39m [90m1426 ms - 14[39m
[35m[HTTP][39m [90m[39m
[35m[HTTP][39m [37m-->[39m [37mGET[39m [37m/wd/hub/session/05418315-127a-4696-97d5-d0e9676f0bc5/source[39m
[35m[HTTP][39m [90m{}[39m
[35m[W3C (05418315)][39m Driver proxy active, passing request on via HTTP proxy
[debug] [35m[WD Proxy][39m Matched '/wd/hub/session/05418315-127a-4696-97d5-d0e9676f0bc5/source' to command name 'getPageSource'
[debug] [35m[WD Proxy][39m Proxying [GET /wd/hub/session/05418315-127a-4696-97d5-d0e9676f0bc5/source] to [GET http://127.0.0.1:54313/wd/hub/session/c72c45ce-2e08-48bc-80cd-b4fe7d08c0c4/source] with no body
[debug] [35m[WD Proxy][39m Got response with status 200: {"sessionId":"c72c45ce-2e08-48bc-80cd-b4fe7d08c0c4","value":"<?xml version='1.0' encoding='UTF-8' standalone='yes' ?>\r\n<hierarchy index=\"0\" class=\"hierarchy\" rotation=\"0\" width=\"1080\" height=\"2263\">\r\n  <android.widget.FrameLayout index=\"0\" package=\"io.appium.android.apis\" class=\"android.widget.FrameLayout\" text=\"\" checkable=\"false\" checked=\"false\" clickable=\"false\" enabled=\"true\" focusable=\"false\" focused=\"false\" long-clickable=\"false\" password=\"false\" scrollable=\"false\" selected=\"false\" bounds=\"[0,0][1080,2263]\" displayed=\"true\">\r\n    <android.view.ViewGroup index=\"0\" package=\"io.appium.android.apis\" class=\"android.view.ViewGroup\" text=\"\" resource-id=\"android:id/decor_content_parent\" checkable=\"false\" checked=\"false\" clickable=\"false\" enabled=\"true\" focusable=\"false\" focused=\"false\" long-clickable=\"false\" password=\"false\" scrollable=\"false\" selected=\"false\" bounds=\"[0,0][1080,2263]\" displayed=\"true\">\r\n      <android.widget...
[35m[WD Proxy][39m Replacing sessionId c72c45ce-2e08-48bc-80cd-b4fe7d08c0c4 with 05418315-127a-4696-97d5-d0e9676f0bc5
[35m[HTTP][39m [37m<-- GET /wd/hub/session/05418315-127a-4696-97d5-d0e9676f0bc5/source [39m[32m200[39m [90m135 ms - 8722[39m
[35m[HTTP][39m [90m[39m
[35m[HTTP][39m [37m-->[39m [37mGET[39m [37m/wd/hub/session/05418315-127a-4696-97d5-d0e9676f0bc5/screenshot[39m
[35m[HTTP][39m [90m{}[39m
[debug] [35m[W3C (05418315)][39m Calling AppiumDriver.getScreenshot() with args: ["05418315-127a-4696-97d5-d0e9676f0bc5"]
[debug] [35m[WD Proxy][39m Matched '/screenshot' to command name 'getScreenshot'
[debug] [35m[WD Proxy][39m Proxying [GET /screenshot] to [GET http://127.0.0.1:54313/wd/hub/session/c72c45ce-2e08-48bc-80cd-b4fe7d08c0c4/screenshot] with no body
[debug] [35m[WD Proxy][39m Got response with status 200: {"sessionId":"c72c45ce-2e08-48bc-80cd-b4fe7d08c0c4","value":"iVBORw0KGgoAAAANSUhEUgAABDgAAAlgCAYAAABtGofVAAAAAXNSR0IArs4c6QAAAARzQklUCAgI\nCHwIZIgAACAASURBVHic7N13WFPXHwbwNyEJK0xBlKkiIC4QcFdBcVexamud3eJqq1ZtrR042jrq\n6LDW8et0dznQap2gVayAewAOcIGAIBuEQH5/IJGQAAECGHg/z9On5uSOc1Eg973nfI+gub2DHERE\nREREREREOkxY3x0gIiIiIiIiIqopBhxEREREREREpPMYcBARERERERGRzmPAQUREREREREQ6jwEH\nEREREREREek8BhxEREREREREpPMYcBARERERERGRzmPAQUREREREREQ6jwEHEREREREREek8BhxE\nREREREREpPMYcBARERERERGRzmPAQUREREREREQ6jwEHEREREREREek8BhxEREREREREpPMYcBAR\nERERERGRzmPAQUREREREREQ6jwEHEREREREREek8BhxEREREREREpPMYcBARERERERGRzmPAQURE\nREREREQ6jwEHEREREREREek8BhxEREREREREpPMYcBARERERERGRzmPAQUREREREREQ6jwEHERER\nEREREek8BhxEREREREREpPMYcBARERERERGRzmPAQUREREREREQ6jwEHEREREREREek8BhxERERE\nREREpPMYcBARERERERGRzmPAQUREREREREQ6jwEHEREREREREek8BhxEREREREREpPMYcBARERER\nERGRzmPAQUREREREREQ6jwEHEREREREREek8BhxEREREREREpPMYcBARERERERGRzmPAQURERERE\nREQ6T1TfHSCiZ4++vj66dOmMjPQMXL9xAzk5OTU+ppGREVxat4apmSnOnAnH48ePtdBTIiIiIiKi\nYgw4iLTM1tYWfr6+6OzjDdvm...
[debug] [35m[W3C (05418315)][39m Responding to client with driver.getScreenshot() result: "iVBORw0KGgoAAAANSUhEUgAABDgAAAlgCAYAAABtGofVAAAAAXNSR0IArs4c6QAAAARzQklUCAgI\nCHwIZIgAACAASURBVHic7N13WFPXHwbwNyEJK0xBlKkiIC4QcFdBcVexamud3eJqq1ZtrR042jrq\n6LDW8et0dznQap2gVayAewAOcIGAIBuEQH5/IJGQAAECGHg/z9On5uSOc1Eg973nfI+gub2DHERE\nREREREREOkxY3x0gIiIiIiIiIqopBhxEREREREREpPMYcBARERERERGRzmPAQUREREREREQ6jwEH\nEREREREREek8BhxEREREREREpPMYcBARERERERGRzmPAQUREREREREQ6jwEHEREREREREek8BhxE\nREREREREpPMYcBARERERERGRzmPAQUREREREREQ6jwEHEREREREREek8BhxEREREREREpPMYcBAR\nERERERGRzmPAQUREREREREQ6jwEHEREREREREek8BhxEREREREREpPMYcBARERERERGRzmPAQURE\nREREREQ6jwEHEREREREREek8BhxEREREREREpPMYcBARERERERGRzmPAQUREREREREQ6jwEHERER\nEREREek8BhxEREREREREpPMYcBARERERERGRzmPAQUREREREREQ6jwEHEREREREREek8BhxERERE\nREREpPMYcBARERERERGRzmPAQUREREREREQ6jwEHEREREREREek8BhxEREREREREpPMYcBARERER\nERGRzmPAQUREREREREQ6jwEHEREREREREek8BhxEREREREREpPMYcBARERERERGRzmPAQURERERE\nREQ6T1TfHSCiZ4++vj66dOmMjPQMXL9xAzk5OTU+ppGREVxat4apmSnOnAnH48ePtdBTIiIiIiKi\nYgw4iLTM1tYWfr6+6OzjDdvmtnB1cwUAxETHID4hHuERkQgJDUV8fLza/acEBsLb2wvHQkKxddu2\nuuw6AO...
[35m[HTTP][39m [37m<-- GET /wd/hub/session/05418315-127a-4696-97d5-d0e9676f0bc5/screenshot [39m[32m200[39m [90m675 ms - 131780[39m
[35m[HTTP][39m [90m[39m
[35m[HTTP][39m [37m-->[39m [37mDELETE[39m [37m/wd/hub/session/05418315-127a-4696-97d5-d0e9676f0bc5[39m
[35m[HTTP][39m [90m{}[39m
[debug] [35m[W3C (05418315)][39m Calling AppiumDriver.deleteSession() with args: ["05418315-127a-4696-97d5-d0e9676f0bc5"]
[debug] [35m[BaseDriver][39m Event 'quitSessionRequested' logged at 1694417667764 (14:34:27 GMT+0700 (Western Indonesia Time))
[35m[Appium][39m Removing session 05418315-127a-4696-97d5-d0e9676f0bc5 from our master session list
[debug] [35m[UiAutomator2][39m Deleting UiAutomator2 session
[debug] [35m[UiAutomator2][39m Deleting UiAutomator2 server session
[debug] [35m[WD Proxy][39m Matched '/' to command name 'deleteSession'
[debug] [35m[WD Proxy][39m Proxying [DELETE /] to [DELETE http://127.0.0.1:54313/wd/hub/session/c72c45ce-2e08-48bc-80cd-b4fe7d08c0c4] with no body
[debug] [35m[WD Proxy][39m Got response with status 200: {"sessionId":"c72c45ce-2e08-48bc-80cd-b4fe7d08c0c4","value":null}
[debug] [35m[ADB][39m Running 'C:\Users\LENOVO\.katalon\tools\android_sdk\platform-tools\adb.exe -P 5037 -s 9d8668d4 shell am force-stop io.appium.android.apis'
[debug] [35m[Logcat][39m Stopping logcat capture
[debug] [35m[ADB][39m Removing forwarded port socket connection: 54313 
[debug] [35m[ADB][39m Running 'C:\Users\LENOVO\.katalon\tools\android_sdk\platform-tools\adb.exe -P 5037 -s 9d8668d4 forward --remove tcp:54313'
[35m[UiAutomator2][39m Restoring hidden api policy to the device default configuration
[debug] [35m[ADB][39m Running 'C:\Users\LENOVO\.katalon\tools\android_sdk\platform-tools\adb.exe -P 5037 -s 9d8668d4 shell 'settings delete global hidden_api_policy_pre_p_apps;settings delete global hidden_api_policy_p_apps;settings delete global hidden_api_policy''
[debug] [35m[BaseDriver][39m Event 'quitSessionFinished' logged at 1694417668231 (14:34:28 GMT+0700 (Western Indonesia Time))
[debug] [35m[W3C (05418315)][39m Received response: null
[debug] [35m[W3C (05418315)][39m But deleting session, so not returning
[debug] [35m[W3C (05418315)][39m Responding to client with driver.deleteSession() result: null
[35m[HTTP][39m [37m<-- DELETE /wd/hub/session/05418315-127a-4696-97d5-d0e9676f0bc5 [39m[32m200[39m [90m469 ms - 14[39m
[35m[HTTP][39m [90m[39m
[debug] [35m[Instrumentation][39m .
[debug] [35m[Instrumentation][39m Time: 19.085
[debug] [35m[Instrumentation][39m 
[debug] [35m[Instrumentation][39m OK (1 test)
[debug] [35m[Instrumentation][39m The process has exited with code 0
